  lane_assistant.cpp
D:\200_Projekte\TronisSDK\TronisCore\Public\communication/socket_data.h(73): warning C4267: "Initialisierung": Konvertierung von "size_t" nach "uint32_t", Datenverlust möglich
d:\200_projekte\tronissdk\troniscore\public\threading\stl/thread.h(93): warning C4521: "tronis::Thread": Mehrere Kopierkonstruktoren angegeben
d:\200_projekte\tronissdk\troniscore\public\threading\stl/thread.h(206): warning C4521: "tronis::RunnableThread": Mehrere Kopierkonstruktoren angegeben
D:\200_Projekte\TronisSDK\include\grabber/opencv_tools.hpp(175): warning C4267: "Argument": Konvertierung von "size_t" nach "uint32_t", Datenverlust möglich
D:\200_Projekte\TronisSDK\include\grabber/opencv_tools.hpp(207): warning C4267: "Argument": Konvertierung von "size_t" nach "uint32_t", Datenverlust möglich
D:\200_Projekte\TronisSDK\apps\lane_assistant\lane_assistant.cpp(589): warning C4267: "Argument": Konvertierung von "size_t" nach "uint32_t", Datenverlust möglich
D:\200_Projekte\TronisSDK\apps\lane_assistant\lane_assistant.cpp(602): warning C4267: "Argument": Konvertierung von "size_t" nach "uint32_t", Datenverlust möglich
D:\200_Projekte\TronisSDK\TronisCore\Public\communication/socket.h(902): warning C4267: "Argument": Konvertierung von "size_t" nach "uint16_t", Datenverlust möglich
  D:\200_Projekte\TronisSDK\TronisCore\Public\communication/socket.h(895): note: Bei der Kompilierung von Klasse Vorlage der bool tronis::Socket<tronis::GenericSocketWrapper>::send(tronis::SocketData &&)-Memberfunktion
  D:\200_Projekte\TronisSDK\apps\lane_assistant\lane_assistant.cpp(33): note: Siehe Verweis auf die Instanziierung der gerade kompilierten Funktions-Vorlage "bool tronis::Socket<tronis::GenericSocketWrapper>::send(tronis::SocketData &&)".
  D:\200_Projekte\TronisSDK\TronisCore\Public\communication/socket.h(1052): note: Siehe Verweis auf die Klasse Vorlage-Instanziierung "tronis::Socket<tronis::GenericSocketWrapper>", die kompiliert wird.
D:\200_Projekte\TronisSDK\TronisCore\Public\communication/socket.h(865): warning C4267: "Argument": Konvertierung von "size_t" nach "uint16_t", Datenverlust möglich
  D:\200_Projekte\TronisSDK\TronisCore\Public\communication/socket.h(858): note: Bei der Kompilierung von Klasse Vorlage der bool tronis::Socket<tronis::GenericSocketWrapper>::sendM(tronis::SocketData &)-Memberfunktion
D:\200_Projekte\TronisSDK\TronisCore\Public\communication/socket.h(833): warning C4267: "Argument": Konvertierung von "size_t" nach "uint16_t", Datenverlust möglich
  D:\200_Projekte\TronisSDK\TronisCore\Public\communication/socket.h(826): note: Bei der Kompilierung von Klasse Vorlage der bool tronis::Socket<tronis::GenericSocketWrapper>::send(const tronis::SocketData &)-Memberfunktion
D:\200_Projekte\TronisSDK\TronisCore\Public\communication/socket.h(455): warning C4267: "-=": Konvertierung von "size_t" nach "uint32_t", Datenverlust möglich
  D:\200_Projekte\TronisSDK\TronisCore\Public\communication/socket.h(440): note: Bei der Kompilierung von Klasse Vorlage der bool tronis::Socket<tronis::GenericSocketWrapper>::sendStream(const tronis::byte_t *,uint32_t)-Memberfunktion
  D:\200_Projekte\TronisSDK\TronisCore\Public\communication/socket.h(900): note: Siehe Verweis auf die Instanziierung der gerade kompilierten Funktions-Vorlage "bool tronis::Socket<tronis::GenericSocketWrapper>::sendStream(const tronis::byte_t *,uint32_t)".
D:\200_Projekte\TronisSDK\TronisCore\Public\stream/vectorstream.h(217): warning C4267: "Initialisierung": Konvertierung von "size_t" nach "int", Datenverlust möglich
  D:\200_Projekte\TronisSDK\TronisCore\Public\stream/vectorstream.h(199): note: Bei der Kompilierung von Klasse Vorlage der void tronis::basic_vectorbuf<tronis::binary_t,std::char_traits<char>,20>::initialize_pointers(void)-Memberfunktion
  D:\200_Projekte\TronisSDK\TronisCore\Public\stream/vectorstream.h(191): note: Siehe Verweis auf die Instanziierung der gerade kompilierten Funktions-Vorlage "void tronis::basic_vectorbuf<tronis::binary_t,std::char_traits<char>,20>::initialize_pointers(void)".
  D:\200_Projekte\TronisSDK\TronisCore\Public\stream/socket_datastream.h(45): note: Siehe Verweis auf die Klasse Vorlage-Instanziierung "tronis::basic_vectorbuf<tronis::binary_t,std::char_traits<char>,20>", die kompiliert wird.
D:\200_Projekte\TronisSDK\TronisCore\Public\communication/socket.h(193): warning C4267: "+=": Konvertierung von "size_t" nach "uint32_t", Datenverlust möglich
  D:\200_Projekte\TronisSDK\TronisCore\Public\communication/socket.h(146): note: Bei der Kompilierung von Klasse Vorlage der void tronis::Socket<tronis::GenericSocketWrapper>::handleIncomingStream(size_t &)-Memberfunktion
  D:\200_Projekte\TronisSDK\TronisCore\Public\communication/socket.h(398): note: Siehe Verweis auf die Instanziierung der gerade kompilierten Funktions-Vorlage "void tronis::Socket<tronis::GenericSocketWrapper>::handleIncomingStream(size_t &)".
D:\200_Projekte\TronisSDK\TronisCore\Public\communication/socket.h(255): warning C4267: "+=": Konvertierung von "size_t" nach "uint32_t", Datenverlust möglich
  D:\200_Projekte\TronisSDK\TronisCore\Public\communication/socket.h(203): note: Bei der Kompilierung von Klasse Vorlage der const tronis::byte_t *tronis::Socket<tronis::GenericSocketWrapper>::handleIncomingBuffer(const tronis::byte_t *,const tronis::byte_t *,uint64_t &)-Memberfunktion
  D:\200_Projekte\TronisSDK\TronisCore\Public\communication/socket.h(308): note: Siehe Verweis auf die Instanziierung der gerade kompilierten Funktions-Vorlage "const tronis::byte_t *tronis::Socket<tronis::GenericSocketWrapper>::handleIncomingBuffer(const tronis::byte_t *,const tronis::byte_t *,uint64_t &)".
D:\200_Projekte\TronisSDK\TronisCore\Public\variant/VariantHelpers.h(1268): warning C4267: "=": Konvertierung von "size_t" nach "uint8_t", Datenverlust möglich
  D:\200_Projekte\TronisSDK\TronisCore\Public\variant/VariantHelpers.h(1306): note: Siehe Verweis auf die Instanziierung der gerade kompilierten Funktions-Vorlage "void tronis::base64_decode<char,std::vector<tronis::byte_t,std::allocator<char>>>(const CharType *,size_t,BinaryType &)".
          with
          [
              CharType=char,
              BinaryType=std::vector<tronis::byte_t,std::allocator<char>>
          ]
  D:\200_Projekte\TronisSDK\TronisCore\Public\variant/Variant.h(9809): note: Siehe Verweis auf die Instanziierung der gerade kompilierten Funktions-Vorlage "void tronis::base64_decode<tronis::basic_variant<std::map,std::vector,tronis::binary_t,std::string,bool,int64_t,uint64_t,double,std::allocator,tronis::adl_serializer>>(const std::basic_string<char,std::char_traits<char>,std::allocator<char>> &,BasicVariantType &)".
          with
          [
              BasicVariantType=tronis::basic_variant<std::map,std::vector,tronis::binary_t,std::string,bool,int64_t,uint64_t,double,std::allocator,tronis::adl_serializer>
          ]
  D:\200_Projekte\TronisSDK\TronisCore\Public\variant/Variant.h(9647): note: Bei der Kompilierung von Klasse Vorlage der bool tronis::basic_variant<std::map,std::vector,tronis::binary_t,std::string,bool,int64_t,uint64_t,double,std::allocator,tronis::adl_serializer>::parser::parse_internal(tronis::basic_variant<std::map,std::vector,tronis::binary_t,std::string,bool,int64_t,uint64_t,double,std::allocator,tronis::adl_serializer> &,bool,bool)-Memberfunktion
  D:\200_Projekte\TronisSDK\TronisCore\Public\variant/Variant.h(9597): note: Siehe Verweis auf die Instanziierung der gerade kompilierten Funktions-Vorlage "bool tronis::basic_variant<std::map,std::vector,tronis::binary_t,std::string,bool,int64_t,uint64_t,double,std::allocator,tronis::adl_serializer>::parser::parse_internal(tronis::basic_variant<std::map,std::vector,tronis::binary_t,std::string,bool,int64_t,uint64_t,double,std::allocator,tronis::adl_serializer> &,bool,bool)".
  D:\200_Projekte\TronisSDK\TronisCore\Public\variant/Variant.h(6432): note: Siehe Verweis auf die Klasse Vorlage-Instanziierung "tronis::basic_variant<std::map,std::vector,tronis::binary_t,std::string,bool,int64_t,uint64_t,double,std::allocator,tronis::adl_serializer>::parser", die kompiliert wird.
  D:\200_Projekte\TronisSDK\TronisCore\Public\variant/Variant.h(6431): note: Bei der Kompilierung von Klasse Vorlage der tronis::basic_variant<std::map,std::vector,tronis::binary_t,std::string,bool,int64_t,uint64_t,double,std::allocator,tronis::adl_serializer> tronis::basic_variant<std::map,std::vector,tronis::binary_t,std::string,bool,int64_t,uint64_t,double,std::allocator,tronis::adl_serializer>::parse(std::istream &,const std::function<bool (int,tronis::basic_variant<std::map,std::vector,tronis::binary_t,std::string,bool,int64_t,uint64_t,double,std::allocator,tronis::adl_serializer>::parse_event_t,tronis::basic_variant<std::map,std::vector,tronis::binary_t,std::string,bool,int64_t,uint64_t,double,std::allocator,tronis::adl_serializer> &)>)-Memberfunktion
  D:\200_Projekte\TronisSDK\TronisCore\Public\variant/Variant.h(11647): note: Siehe Verweis auf die Instanziierung der gerade kompilierten Funktions-Vorlage "tronis::basic_variant<std::map,std::vector,tronis::binary_t,std::string,bool,int64_t,uint64_t,double,std::allocator,tronis::adl_serializer> tronis::basic_variant<std::map,std::vector,tronis::binary_t,std::string,bool,int64_t,uint64_t,double,std::allocator,tronis::adl_serializer>::parse(std::istream &,const std::function<bool (int,tronis::basic_variant<std::map,std::vector,tronis::binary_t,std::string,bool,int64_t,uint64_t,double,std::allocator,tronis::adl_serializer>::parse_event_t,tronis::basic_variant<std::map,std::vector,tronis::binary_t,std::string,bool,int64_t,uint64_t,double,std::allocator,tronis::adl_serializer> &)>)".
D:\200_Projekte\TronisSDK\TronisCore\Public\variant/VariantHelpers.h(1284): warning C4267: "=": Konvertierung von "size_t" nach "uint8_t", Datenverlust möglich
  lane_assistant.vcxproj -> D:\200_Projekte\TronisSDK\build\bin\Release\lane_assistant.exe
